<?xml version="1.0" encoding="UTF-8"?>
<testng-results ignored="0" total="1" passed="1" failed="0" skipped="0">
  <reporter-output>
  </reporter-output>
  <suite started-at="2023-05-26T09:19:01 IST" name="Default suite" finished-at="2023-05-26T09:19:14 IST" duration-ms="12257">
    <groups>
    </groups>
    <test started-at="2023-05-26T09:19:01 IST" name="Default test" finished-at="2023-05-26T09:19:14 IST" duration-ms="12257">
      <class name="TestScript.AddtoCart">
        <test-method is-config="true" signature="classConfig()[pri:0, instance:TestScript.AddtoCart@383bfa16]" started-at="2023-05-26T09:19:01 IST" name="classConfig" finished-at="2023-05-26T09:19:02 IST" duration-ms="757" status="PASS">
          <reporter-output>
          </reporter-output>
        </test-method> <!-- classConfig -->
        <test-method is-config="true" signature="methodconfig()[pri:0, instance:TestScript.AddtoCart@383bfa16]" started-at="2023-05-26T09:19:02 IST" name="methodconfig" finished-at="2023-05-26T09:19:07 IST" duration-ms="4855" status="PASS">
          <reporter-output>
          </reporter-output>
        </test-method> <!-- methodconfig -->
        <test-method signature="addtoCart()[pri:0, instance:TestScript.AddtoCart@383bfa16]" started-at="2023-05-26T09:19:07 IST" name="addtoCart" finished-at="2023-05-26T09:19:13 IST" duration-ms="6138" status="PASS">
          <reporter-output>
          </reporter-output>
        </test-method> <!-- addtoCart -->
        <test-method is-config="true" signature="methodTearDown()[pri:0, instance:TestScript.AddtoCart@383bfa16]" started-at="2023-05-26T09:19:13 IST" name="methodTearDown" finished-at="2023-05-26T09:19:14 IST" duration-ms="462" status="PASS">
          <reporter-output>
          </reporter-output>
        </test-method> <!-- methodTearDown -->
        <test-method is-config="true" signature="classTearDown()[pri:0, instance:TestScript.AddtoCart@383bfa16]" started-at="2023-05-26T09:19:14 IST" name="classTearDown" finished-at="2023-05-26T09:19:14 IST" duration-ms="1" status="PASS">
          <reporter-output>
          </reporter-output>
        </test-method> <!-- classTearDown -->
      </class> <!-- TestScript.AddtoCart -->
    </test> <!-- Default test -->
  </suite> <!-- Default suite -->
</testng-results>
