<?xml version="1.0" encoding="UTF-8"?>
<testng-results ignored="0" total="1" passed="1" failed="0" skipped="0">
  <reporter-output>
  </reporter-output>
  <suite started-at="2023-05-25T09:59:39 IST" name="Default suite" finished-at="2023-05-25T10:00:00 IST" duration-ms="21306">
    <groups>
    </groups>
    <test started-at="2023-05-25T09:59:39 IST" name="Default test" finished-at="2023-05-25T10:00:00 IST" duration-ms="21306">
      <class name="TestScript.SendContactDetails">
        <test-method is-config="true" signature="classConfig()[pri:0, instance:TestScript.SendContactDetails@383bfa16]" started-at="2023-05-25T09:59:39 IST" name="classConfig" finished-at="2023-05-25T09:59:40 IST" duration-ms="775" status="PASS">
          <reporter-output>
          </reporter-output>
        </test-method> <!-- classConfig -->
        <test-method is-config="true" signature="methodconfig()[pri:0, instance:TestScript.SendContactDetails@383bfa16]" started-at="2023-05-25T09:59:40 IST" name="methodconfig" finished-at="2023-05-25T09:59:47 IST" duration-ms="7192" status="PASS">
          <reporter-output>
          </reporter-output>
        </test-method> <!-- methodconfig -->
        <test-method signature="sendContactDetails()[pri:0, instance:TestScript.SendContactDetails@383bfa16]" started-at="2023-05-25T09:59:47 IST" name="sendContactDetails" finished-at="2023-05-25T10:00:00 IST" duration-ms="13032" status="PASS">
          <reporter-output>
          </reporter-output>
        </test-method> <!-- sendContactDetails -->
        <test-method is-config="true" signature="methodTearDown()[pri:0, instance:TestScript.SendContactDetails@383bfa16]" started-at="2023-05-25T10:00:00 IST" name="methodTearDown" finished-at="2023-05-25T10:00:00 IST" duration-ms="261" status="PASS">
          <reporter-output>
          </reporter-output>
        </test-method> <!-- methodTearDown -->
        <test-method is-config="true" signature="classTearDown()[pri:0, instance:TestScript.SendContactDetails@383bfa16]" started-at="2023-05-25T10:00:00 IST" name="classTearDown" finished-at="2023-05-25T10:00:00 IST" duration-ms="0" status="PASS">
          <reporter-output>
          </reporter-output>
        </test-method> <!-- classTearDown -->
      </class> <!-- TestScript.SendContactDetails -->
    </test> <!-- Default test -->
  </suite> <!-- Default suite -->
</testng-results>
